# Logfile created on 2011-01-24 22:11:37 -0500 by logger.rb/25413
REQUESTING PAGE: GET / with {} and HTTP headers {}
REQUESTING PAGE: GET // with {} and HTTP headers {"HTTP_REFERER"=>"/"}
REQUESTING PAGE: GET / with {} and HTTP headers {}
REQUESTING PAGE: GET // with {} and HTTP headers {"HTTP_REFERER"=>"/"}
REQUESTING PAGE: GET / with {} and HTTP headers {}
REQUESTING PAGE: GET // with {} and HTTP headers {"HTTP_REFERER"=>"/"}
REQUESTING PAGE: GET / with {} and HTTP headers {}
REQUESTING PAGE: GET // with {} and HTTP headers {"HTTP_REFERER"=>"/"}
REQUESTING PAGE: GET /// with {} and HTTP headers {"HTTP_REFERER"=>"//"}
REQUESTING PAGE: GET / with {} and HTTP headers {}
REQUESTING PAGE: GET // with {} and HTTP headers {"HTTP_REFERER"=>"/"}
REQUESTING PAGE: GET /// with {} and HTTP headers {"HTTP_REFERER"=>"//"}
REQUESTING PAGE: GET / with {} and HTTP headers {}
REQUESTING PAGE: GET // with {} and HTTP headers {"HTTP_REFERER"=>"/"}
REQUESTING PAGE: GET /// with {} and HTTP headers {"HTTP_REFERER"=>"//"}
REQUESTING PAGE: GET / with {} and HTTP headers {}
REQUESTING PAGE: GET // with {} and HTTP headers {"HTTP_REFERER"=>"/"}
REQUESTING PAGE: GET /// with {} and HTTP headers {"HTTP_REFERER"=>"//"}
REQUESTING PAGE: GET / with {} and HTTP headers {}
REQUESTING PAGE: GET // with {} and HTTP headers {"HTTP_REFERER"=>"/"}
REQUESTING PAGE: GET /// with {} and HTTP headers {"HTTP_REFERER"=>"//"}
REQUESTING PAGE: GET / with {} and HTTP headers {}
REQUESTING PAGE: GET // with {} and HTTP headers {"HTTP_REFERER"=>"/"}
REQUESTING PAGE: GET /// with {} and HTTP headers {"HTTP_REFERER"=>"//"}
REQUESTING PAGE: GET / with {} and HTTP headers {}
REQUESTING PAGE: GET // with {} and HTTP headers {"HTTP_REFERER"=>"/"}
REQUESTING PAGE: GET /// with {} and HTTP headers {"HTTP_REFERER"=>"//"}
REQUESTING PAGE: GET / with {} and HTTP headers {}
REQUESTING PAGE: GET // with {} and HTTP headers {"HTTP_REFERER"=>"/"}
REQUESTING PAGE: GET /// with {} and HTTP headers {"HTTP_REFERER"=>"//"}
REQUESTING PAGE: GET / with {} and HTTP headers {}
REQUESTING PAGE: GET // with {} and HTTP headers {"HTTP_REFERER"=>"/"}
REQUESTING PAGE: GET /// with {} and HTTP headers {"HTTP_REFERER"=>"//"}
REQUESTING PAGE: GET / with {} and HTTP headers {}
REQUESTING PAGE: GET // with {} and HTTP headers {"HTTP_REFERER"=>"/"}
REQUESTING PAGE: GET /// with {} and HTTP headers {"HTTP_REFERER"=>"//"}
REQUESTING PAGE: GET / with {} and HTTP headers {}
REQUESTING PAGE: GET // with {} and HTTP headers {"HTTP_REFERER"=>"/"}
REQUESTING PAGE: GET /// with {} and HTTP headers {"HTTP_REFERER"=>"//"}
REQUESTING PAGE: GET / with {} and HTTP headers {}
REQUESTING PAGE: GET // with {} and HTTP headers {"HTTP_REFERER"=>"/"}
REQUESTING PAGE: GET /// with {} and HTTP headers {"HTTP_REFERER"=>"//"}
REQUESTING PAGE: GET / with {} and HTTP headers {}
REQUESTING PAGE: GET // with {} and HTTP headers {"HTTP_REFERER"=>"/"}
REQUESTING PAGE: GET /// with {} and HTTP headers {"HTTP_REFERER"=>"//"}
REQUESTING PAGE: GET / with {} and HTTP headers {}
REQUESTING PAGE: GET // with {} and HTTP headers {"HTTP_REFERER"=>"/"}
REQUESTING PAGE: GET /// with {} and HTTP headers {"HTTP_REFERER"=>"//"}
REQUESTING PAGE: GET / with {} and HTTP headers {}
REQUESTING PAGE: GET // with {} and HTTP headers {"HTTP_REFERER"=>"/"}
REQUESTING PAGE: GET /// with {} and HTTP headers {"HTTP_REFERER"=>"//"}
REQUESTING PAGE: GET / with {} and HTTP headers {}
REQUESTING PAGE: GET // with {} and HTTP headers {"HTTP_REFERER"=>"/"}
REQUESTING PAGE: GET /// with {} and HTTP headers {"HTTP_REFERER"=>"//"}
REQUESTING PAGE: GET / with {} and HTTP headers {}
REQUESTING PAGE: GET // with {} and HTTP headers {"HTTP_REFERER"=>"/"}
REQUESTING PAGE: GET /// with {} and HTTP headers {"HTTP_REFERER"=>"//"}
REQUESTING PAGE: GET / with {} and HTTP headers {}
REQUESTING PAGE: GET // with {} and HTTP headers {"HTTP_REFERER"=>"/"}
REQUESTING PAGE: GET /// with {} and HTTP headers {"HTTP_REFERER"=>"//"}
REQUESTING PAGE: GET / with {} and HTTP headers {}
REQUESTING PAGE: GET / with {} and HTTP headers {"HTTP_REFERER"=>"/"}
REQUESTING PAGE: GET // with {} and HTTP headers {"HTTP_REFERER"=>"/"}
REQUESTING PAGE: GET / with {} and HTTP headers {}
REQUESTING PAGE: GET / with {} and HTTP headers {"HTTP_REFERER"=>"/"}
REQUESTING PAGE: GET /about with {} and HTTP headers {"HTTP_REFERER"=>"/"}
REQUESTING PAGE: GET /about/ with {} and HTTP headers {"HTTP_REFERER"=>"/about"}
REQUESTING PAGE: GET / with {} and HTTP headers {}
REQUESTING PAGE: GET / with {} and HTTP headers {"HTTP_REFERER"=>"/"}
REQUESTING PAGE: GET /about with {} and HTTP headers {"HTTP_REFERER"=>"/"}
REQUESTING PAGE: GET /about/ with {} and HTTP headers {"HTTP_REFERER"=>"/about"}
REQUESTING PAGE: GET / with {} and HTTP headers {}
REQUESTING PAGE: GET / with {} and HTTP headers {}
REQUESTING PAGE: GET / with {} and HTTP headers {"HTTP_REFERER"=>"/"}
REQUESTING PAGE: GET /about with {} and HTTP headers {"HTTP_REFERER"=>"/"}
REQUESTING PAGE: GET /signin with {} and HTTP headers {"HTTP_REFERER"=>"/about"}
REQUESTING PAGE: GET / with {} and HTTP headers {}
REQUESTING PAGE: GET / with {} and HTTP headers {"HTTP_REFERER"=>"/"}
REQUESTING PAGE: GET /about with {} and HTTP headers {"HTTP_REFERER"=>"/"}
REQUESTING PAGE: GET /signin with {} and HTTP headers {"HTTP_REFERER"=>"/about"}
REQUESTING PAGE: GET / with {} and HTTP headers {}
REQUESTING PAGE: GET / with {} and HTTP headers {"HTTP_REFERER"=>"/"}
REQUESTING PAGE: GET /about with {} and HTTP headers {"HTTP_REFERER"=>"/"}
REQUESTING PAGE: GET /signin with {} and HTTP headers {"HTTP_REFERER"=>"/about"}
REQUESTING PAGE: GET / with {} and HTTP headers {}
REQUESTING PAGE: GET / with {} and HTTP headers {"HTTP_REFERER"=>"/"}
REQUESTING PAGE: GET /about with {} and HTTP headers {"HTTP_REFERER"=>"/"}
REQUESTING PAGE: GET /signin with {} and HTTP headers {"HTTP_REFERER"=>"/about"}
